<?xml version="1.0" encoding="UTF-8"?>
<!-- Generated by org.testng.reporters.JUnitXMLReporter -->
<testsuite hostname="Adi" ignored="1" name="Default test" tests="1" failures="0" timestamp="20 Jun 2020 17:45:44 GMT" time="42.31" errors="0">
  <testcase name="verify_women_test" time="0.932" classname="com.testing.headerPage.testCases.OnlyWomenFirstTests"/>
  <testcase name="verify_Logo_Redirect_To_Homepage" time="0.0" classname="com.testing.headerPage.testCases.OnlyWomenFirstTests">
    <ignored/>
  </testcase> <!-- verify_Logo_Redirect_To_Homepage -->
</testsuite> <!-- Default test -->
