<?xml version="1.0" encoding="UTF-8"?>
<!-- Generated by org.testng.reporters.JUnitXMLReporter -->
<testsuite hostname="Adi" ignored="0" name="Default test" tests="2" failures="0" timestamp="05 Jul 2020 11:48:41 GMT" time="58.417" errors="0">
  <testcase name="verify_Women_Saree_Selected" time="2.354" classname="com.testing.headerPage.testCases.OnlyWomenFirstTests"/>
  <testcase name="verify_Flipkart_Assured_CheckBox" time="8.828" classname="com.testing.headerPage.testCases.OnlyWomenFirstTests"/>
</testsuite> <!-- Default test -->
