<?xml version="1.0" encoding="UTF-8"?>
<!-- Generated by org.testng.reporters.JUnitXMLReporter -->
<testsuite hostname="DESKTOP-6JJE3KO" ignored="0" name="Default test" tests="3" failures="0" timestamp="01 Jul 2020 11:49:22 GMT" time="27.846" errors="0">
  <testcase name="tc_02_verify_logo_is_Displayed" time="4.53" classname="com.snehal.tests.UniversalBabyTests"/>
  <testcase name="tc_03_verify_babyandkids_tab_present_in_homepage" time="0.062" classname="com.snehal.tests.UniversalBabyTests"/>
  <testcase name="tc_04_verify_previous_Filter_is_Displayed" time="0.194" classname="com.snehal.tests.UniversalBabyTests"/>
</testsuite> <!-- Default test -->
