<?xml version="1.0" encoding="UTF-8"?>
<!-- Generated by org.testng.reporters.JUnitXMLReporter -->
<testsuite hostname="DESKTOP-6JJE3KO" ignored="1" name="Test" tests="1" failures="1" timestamp="24 Jun 2020 09:10:23 GMT" time="64.886" errors="0">
  <testcase name="searchProd" time="19.668" classname="com.testing.searchComponent.SearchComponent">
    <failure type="java.lang.ArrayIndexOutOfBoundsException" message="1">
      <![CDATA[java.lang.ArrayIndexOutOfBoundsException: 1
at com.testing.keyword.Keyword.getWebElement(Keyword.java:114)
at com.testing.keyword.Keyword.closePopup(Keyword.java:100)
at com.testing.searchComponent.SearchComponent.searchProd(SearchComponent.java:20)
... Removed 28 stack frames]]>
    </failure>
  </testcase> <!-- searchProd -->
  <testcase name="verify_Logo_Redirect_To_Homepage" time="0.0" classname="com.testing.headerPage.testCases.OnlyWomenFirstTests">
    <ignored/>
  </testcase> <!-- verify_Logo_Redirect_To_Homepage -->
</testsuite> <!-- Test -->
