<?xml version="1.0" encoding="UTF-8"?>
<testng-results skipped="0" failed="1" ignored="1" total="2" passed="0">
  <reporter-output>
  </reporter-output>
  <suite name="Suite" duration-ms="64886" started-at="2020-06-24T09:09:18Z" finished-at="2020-06-24T09:10:23Z">
    <groups>
    </groups>
    <test name="Test" duration-ms="64886" started-at="2020-06-24T09:09:18Z" finished-at="2020-06-24T09:10:23Z">
      <class name="com.testing.headerPage.testCases.LogInPageTests">
        <test-method status="PASS" signature="setUp()[pri:0, instance:com.testing.headerPage.testCases.LogInPageTests@23d2a7e8]" name="setUp" is-config="true" duration-ms="22891" started-at="2020-06-24T09:09:18Z" finished-at="2020-06-24T09:09:41Z">
          <reporter-output>
          </reporter-output>
        </test-method> <!-- setUp -->
        <test-method status="PASS" signature="setUp()[pri:0, instance:com.testing.headerPage.testCases.OnlyWomenFirstTests@7a9273a8]" name="setUp" is-config="true" duration-ms="21737" started-at="2020-06-24T09:09:41Z" finished-at="2020-06-24T09:10:02Z">
          <reporter-output>
          </reporter-output>
        </test-method> <!-- setUp -->
        <test-method status="PASS" signature="tearDown()[pri:0, instance:com.testing.headerPage.testCases.LogInPageTests@23d2a7e8]" name="tearDown" is-config="true" duration-ms="554" started-at="2020-06-24T09:10:22Z" finished-at="2020-06-24T09:10:23Z">
          <reporter-output>
          </reporter-output>
        </test-method> <!-- tearDown -->
      </class> <!-- com.testing.headerPage.testCases.LogInPageTests -->
      <class name="com.testing.searchComponent.SearchComponent">
        <test-method status="FAIL" signature="searchProd()[pri:0, instance:com.testing.searchComponent.SearchComponent@26a7b76d]" name="searchProd" duration-ms="19668" started-at="2020-06-24T09:10:02Z" finished-at="2020-06-24T09:10:22Z">
          <exception class="java.lang.ArrayIndexOutOfBoundsException">
            <message>
              <![CDATA[1]]>
            </message>
            <full-stacktrace>
              <![CDATA[java.lang.ArrayIndexOutOfBoundsException: 1
at com.testing.keyword.Keyword.getWebElement(Keyword.java:114)
at com.testing.keyword.Keyword.closePopup(Keyword.java:100)
at com.testing.searchComponent.SearchComponent.searchProd(SearchComponent.java:20)
at sun.reflect.NativeMethodAccessorImpl.invoke0(Native Method)
at sun.reflect.NativeMethodAccessorImpl.invoke(NativeMethodAccessorImpl.java:62)
at sun.reflect.DelegatingMethodAccessorImpl.invoke(DelegatingMethodAccessorImpl.java:43)
at java.lang.reflect.Method.invoke(Method.java:498)
at org.testng.internal.MethodInvocationHelper.invokeMethod(MethodInvocationHelper.java:124)
at org.testng.internal.Invoker.invokeMethod(Invoker.java:583)
at org.testng.internal.Invoker.invokeTestMethod(Invoker.java:719)
at org.testng.internal.Invoker.invokeTestMethods(Invoker.java:989)
at org.testng.internal.TestMethodWorker.invokeTestMethods(TestMethodWorker.java:125)
at org.testng.internal.TestMethodWorker.run(TestMethodWorker.java:109)
at org.testng.TestRunner.privateRun(TestRunner.java:648)
at org.testng.TestRunner.run(TestRunner.java:505)
at org.testng.SuiteRunner.runTest(SuiteRunner.java:455)
at org.testng.SuiteRunner.runSequentially(SuiteRunner.java:450)
at org.testng.SuiteRunner.privateRun(SuiteRunner.java:415)
at org.testng.SuiteRunner.run(SuiteRunner.java:364)
at org.testng.SuiteRunnerWorker.runSuite(SuiteRunnerWorker.java:52)
at org.testng.SuiteRunnerWorker.run(SuiteRunnerWorker.java:84)
at org.testng.TestNG.runSuitesSequentially(TestNG.java:1208)
at org.testng.TestNG.runSuitesLocally(TestNG.java:1137)
at org.testng.TestNG.runSuites(TestNG.java:1049)
at org.testng.TestNG.run(TestNG.java:1017)
at org.apache.maven.surefire.testng.TestNGExecutor.run(TestNGExecutor.java:281)
at org.apache.maven.surefire.testng.TestNGXmlTestSuite.execute(TestNGXmlTestSuite.java:75)
at org.apache.maven.surefire.testng.TestNGProvider.invoke(TestNGProvider.java:121)
at org.apache.maven.surefire.booter.ForkedBooter.invokeProviderInSameClassLoader(ForkedBooter.java:290)
at org.apache.maven.surefire.booter.ForkedBooter.runSuitesInProcess(ForkedBooter.java:242)
at org.apache.maven.surefire.booter.ForkedBooter.main(ForkedBooter.java:121)
]]>
            </full-stacktrace>
          </exception> <!-- java.lang.ArrayIndexOutOfBoundsException -->
          <reporter-output>
          </reporter-output>
        </test-method> <!-- searchProd -->
      </class> <!-- com.testing.searchComponent.SearchComponent -->
    </test> <!-- Test -->
  </suite> <!-- Suite -->
</testng-results>
