-------------------------------------------------------------------------------
Test set: TestSuite
-------------------------------------------------------------------------------
Tests run: 1, Failures: 1, Errors: 0, Skipped: 0, Time elapsed: 66.521 sec <<< FAILURE! - in TestSuite
searchProd(com.testing.searchComponent.SearchComponent)  Time elapsed: 19.692 sec  <<< FAILURE!
java.lang.ArrayIndexOutOfBoundsException: 1
	at com.testing.searchComponent.SearchComponent.searchProd(SearchComponent.java:20)

