<?xml version="1.0" encoding="UTF-8"?>
<testng-results skipped="0" failed="0" ignored="0" total="2" passed="2">
  <reporter-output>
  </reporter-output>
  <suite name="Default suite" duration-ms="58417" started-at="2020-07-05T11:47:42Z" finished-at="2020-07-05T11:48:40Z">
    <groups>
      <group name="regression">
        <method signature="OnlyWomenFirstTests.verify_Flipkart_Assured_CheckBox()[pri:2, instance:com.testing.headerPage.testCases.OnlyWomenFirstTests@71248c21]" name="verify_Flipkart_Assured_CheckBox" class="com.testing.headerPage.testCases.OnlyWomenFirstTests"/>
        <method signature="OnlyWomenFirstTests.verify_Women_Saree_Selected()[pri:1, instance:com.testing.headerPage.testCases.OnlyWomenFirstTests@71248c21]" name="verify_Women_Saree_Selected" class="com.testing.headerPage.testCases.OnlyWomenFirstTests"/>
      </group> <!-- regression -->
    </groups>
    <test name="Default test" duration-ms="58417" started-at="2020-07-05T11:47:42Z" finished-at="2020-07-05T11:48:40Z">
      <class name="com.testing.headerPage.testCases.OnlyWomenFirstTests">
        <test-method status="PASS" signature="setUp()[pri:0, instance:com.testing.headerPage.testCases.OnlyWomenFirstTests@71248c21]" name="setUp" is-config="true" duration-ms="47146" started-at="2020-07-05T11:47:42Z" finished-at="2020-07-05T11:48:29Z">
          <reporter-output>
          </reporter-output>
        </test-method> <!-- setUp -->
        <test-method status="PASS" signature="verify_Women_Saree_Selected()[pri:1, instance:com.testing.headerPage.testCases.OnlyWomenFirstTests@71248c21]" name="verify_Women_Saree_Selected" duration-ms="2354" started-at="2020-07-05T11:48:29Z" finished-at="2020-07-05T11:48:32Z">
          <reporter-output>
          </reporter-output>
        </test-method> <!-- verify_Women_Saree_Selected -->
        <test-method status="PASS" signature="verify_Flipkart_Assured_CheckBox()[pri:2, instance:com.testing.headerPage.testCases.OnlyWomenFirstTests@71248c21]" name="verify_Flipkart_Assured_CheckBox" duration-ms="8828" started-at="2020-07-05T11:48:32Z" finished-at="2020-07-05T11:48:40Z">
          <reporter-output>
          </reporter-output>
        </test-method> <!-- verify_Flipkart_Assured_CheckBox -->
      </class> <!-- com.testing.headerPage.testCases.OnlyWomenFirstTests -->
    </test> <!-- Default test -->
  </suite> <!-- Default suite -->
</testng-results>
