<?xml version="1.0" encoding="UTF-8"?>
<testng-results skipped="0" failed="0" ignored="0" total="3" passed="3">
  <reporter-output>
  </reporter-output>
  <suite name="Default suite" duration-ms="27846" started-at="2020-07-01T11:48:54Z" finished-at="2020-07-01T11:49:22Z">
    <groups>
    </groups>
    <test name="Default test" duration-ms="27846" started-at="2020-07-01T11:48:54Z" finished-at="2020-07-01T11:49:22Z">
      <class name="com.snehal.tests.UniversalBabyTests">
        <test-method status="PASS" signature="setup()[pri:0, instance:com.snehal.tests.UniversalBabyTests@8b87145]" name="setup" is-config="true" duration-ms="18621" started-at="2020-07-01T11:48:54Z" finished-at="2020-07-01T11:49:13Z">
          <reporter-output>
          </reporter-output>
        </test-method> <!-- setup -->
        <test-method status="PASS" signature="tc_02_verify_logo_is_Displayed()[pri:1, instance:com.snehal.tests.UniversalBabyTests@8b87145]" name="tc_02_verify_logo_is_Displayed" duration-ms="4530" started-at="2020-07-01T11:49:13Z" finished-at="2020-07-01T11:49:17Z">
          <reporter-output>
          </reporter-output>
        </test-method> <!-- tc_02_verify_logo_is_Displayed -->
        <test-method status="PASS" signature="tc_03_verify_babyandkids_tab_present_in_homepage()[pri:2, instance:com.snehal.tests.UniversalBabyTests@8b87145]" name="tc_03_verify_babyandkids_tab_present_in_homepage" duration-ms="62" started-at="2020-07-01T11:49:17Z" finished-at="2020-07-01T11:49:17Z">
          <reporter-output>
          </reporter-output>
        </test-method> <!-- tc_03_verify_babyandkids_tab_present_in_homepage -->
        <test-method status="PASS" signature="tc_04_verify_previous_Filter_is_Displayed()[pri:3, instance:com.snehal.tests.UniversalBabyTests@8b87145]" name="tc_04_verify_previous_Filter_is_Displayed" duration-ms="194" started-at="2020-07-01T11:49:17Z" finished-at="2020-07-01T11:49:18Z">
          <reporter-output>
          </reporter-output>
        </test-method> <!-- tc_04_verify_previous_Filter_is_Displayed -->
        <test-method status="PASS" signature="tearDown()[pri:0, instance:com.snehal.tests.UniversalBabyTests@8b87145]" name="tearDown" is-config="true" duration-ms="4415" started-at="2020-07-01T11:49:18Z" finished-at="2020-07-01T11:49:22Z">
          <reporter-output>
          </reporter-output>
        </test-method> <!-- tearDown -->
      </class> <!-- com.snehal.tests.UniversalBabyTests -->
    </test> <!-- Default test -->
  </suite> <!-- Default suite -->
</testng-results>
